<?xml version="1.0" encoding="UTF-8"?>
<!-- Generated by org.testng.reporters.JUnitReportReporter -->
<testsuite name="testMaven.RobotClass" tests="1" time="12.291" ignored="0" failures="0" timestamp="08 יונ 2020 18:40:30 GMT" skipped="0" hostname="ZivAdmin" errors="0">
  <testcase name="f" time="12.291" classname="testMaven.RobotClass"/>
</testsuite> <!-- testMaven.RobotClass -->
