<?xml version="1.0" encoding="UTF-8"?>
<!-- Generated by org.testng.reporters.JUnitReportReporter -->
<testsuite name="testMaven.UnitTest" tests="1" time="544.785" ignored="1" failures="0" timestamp="12 אפר 2020 14:40:00 GMT" skipped="0" hostname="ZivAdmin" errors="0">
  <testcase name="Test2" time="544.785" classname="testMaven.UnitTest"/>
  <testcase name="Test1" classname="testMaven.UnitTest">
    <skipped/>
  </testcase> <!-- Test1 -->
</testsuite> <!-- testMaven.UnitTest -->
