<?xml version="1.0" encoding="UTF-8"?>
<!-- Generated by org.testng.reporters.JUnitReportReporter -->
<testsuite name="testMaven.UnitTest" tests="1" time="7.766" ignored="0" failures="0" timestamp="29 מרץ 2020 15:59:38 GMT" skipped="0" hostname="ZivAdmin" errors="0">
  <testcase name="Test1" time="7.766" classname="testMaven.UnitTest"/>
</testsuite> <!-- testMaven.UnitTest -->
