<?xml version="1.0" encoding="UTF-8"?>
<!-- Generated by org.testng.reporters.JUnitReportReporter -->
<testsuite name="testMaven.UnitTest" tests="1" time="0.010" ignored="0" failures="0" timestamp="02 פבר 2020 19:06:53 GMT" skipped="0" hostname="ZivAdmin" errors="0">
  <testcase name="Test1" time="0.010" classname="testMaven.UnitTest"/>
</testsuite> <!-- testMaven.UnitTest -->
